SF:lib/src/models/location.dart
DA:5,3
DA:29,1
DA:36,2
DA:37,2
DA:40,0
DA:41,0
DA:49,1
DA:56,6
DA:58,0
DA:60,0
DA:63,1
DA:65,1
DA:66,1
DA:67,2
DA:68,2
LF:15
LH:11
end_of_record
SF:lib/src/models/location.g.dart
DA:11,4
DA:14,2
DA:15,1
DA:16,4
DA:17,2
DA:18,4
DA:19,2
DA:20,1
DA:21,2
DA:31,0
DA:32,0
DA:33,0
DA:34,0
DA:35,0
LF:14
LH:9
end_of_record
SF:lib/src/models/weather.g.dart
DA:11,4
DA:14,2
DA:15,2
DA:16,4
DA:18,4
DA:19,2
DA:21,4
DA:23,2
DA:25,4
DA:28,6
DA:29,2
DA:30,4
DA:31,6
DA:32,6
DA:33,6
DA:35,6
DA:37,6
DA:39,6
DA:40,4
DA:42,6
DA:43,4
DA:61,0
DA:62,0
DA:63,0
DA:64,0
DA:66,0
DA:67,0
DA:68,0
DA:69,0
DA:70,0
DA:71,0
DA:72,0
DA:73,0
DA:74,0
DA:75,0
DA:76,0
DA:77,0
LF:37
LH:21
end_of_record
SF:lib/src/models/weather.dart
DA:5,3
DA:29,3
DA:69,2
DA:87,2
DA:88,2
DA:91,0
DA:92,0
LF:7
LH:5
end_of_record
SF:lib/src/meta_weather_api_client.dart
DA:27,1
DA:29,1
DA:31,1
DA:32,1
DA:35,1
DA:38,3
DA:40,2
DA:41,1
DA:44,2
DA:46,1
DA:47,1
DA:50,2
DA:53,1
DA:54,2
DA:56,3
DA:58,2
DA:59,1
DA:62,2
DA:64,1
DA:65,1
DA:68,1
DA:70,1
DA:71,1
DA:74,2
LF:24
LH:24
end_of_record
